[0318/160513.581:ERROR:net\disk_cache\cache_util_win.cc:25] Unable to move the cache: アクセスが拒否されました。 (0x5)
[0318/160513.581:ERROR:net\disk_cache\cache_util_win.cc:25] Unable to move the cache: アクセスが拒否されました。 (0x5)
[0318/160513.581:ERROR:net\disk_cache\cache_util_win.cc:25] Unable to move the cache: アクセスが拒否されました。 (0x5)
[0318/160513.581:ERROR:net\disk_cache\disk_cache.cc:272] Unable to create cache
[0318/160513.581:ERROR:gpu\ipc\host\gpu_disk_cache.cc:725] Gpu Cache Creation failed: -2
[0318/160513.581:ERROR:net\disk_cache\disk_cache.cc:272] Unable to create cache
[0318/160513.581:ERROR:gpu\ipc\host\gpu_disk_cache.cc:725] Gpu Cache Creation failed: -2
[0318/160513.581:ERROR:net\disk_cache\disk_cache.cc:272] Unable to create cache
[0318/160513.581:ERROR:gpu\ipc\host\gpu_disk_cache.cc:725] Gpu Cache Creation failed: -2
[0318/160513.633:WARNING:content\browser\btm\btm_database.cc:128] Failed to initialize the DIPS SQLite database.
[0318/160515.594:WARNING:components\leveldb_proto\internal\leveldb_database.cc:124] Unable to open C:\Users\souhe\Desktop\VetEvidence_SNS_Drafts\VetEvidence_AutoPost\.threads_session\Default\shared_proto_db\metadata: IO error: C:\Users\souhe\Desktop\VetEvidence_SNS_Drafts\VetEvidence_AutoPost\.threads_session\Default\shared_proto_db\metadata/LOCK: Access denied. (ChromeMethodBFE: 15::LockFile::5)
[0318/160517.607:WARNING:components\leveldb_proto\internal\leveldb_database.cc:124] Unable to open C:\Users\souhe\Desktop\VetEvidence_SNS_Drafts\VetEvidence_AutoPost\.threads_session\Default\shared_proto_db\metadata: IO error: C:\Users\souhe\Desktop\VetEvidence_SNS_Drafts\VetEvidence_AutoPost\.threads_session\Default\shared_proto_db\metadata/LOCK: Access denied. (ChromeMethodBFE: 15::LockFile::5)
[0318/160519.623:WARNING:components\leveldb_proto\internal\leveldb_database.cc:124] Unable to open C:\Users\souhe\Desktop\VetEvidence_SNS_Drafts\VetEvidence_AutoPost\.threads_session\Default\shared_proto_db\metadata: IO error: C:\Users\souhe\Desktop\VetEvidence_SNS_Drafts\VetEvidence_AutoPost\.threads_session\Default\shared_proto_db\metadata/LOCK: Access denied. (ChromeMethodBFE: 15::LockFile::5)
[0318/160521.637:WARNING:components\leveldb_proto\internal\leveldb_database.cc:124] Unable to open C:\Users\souhe\Desktop\VetEvidence_SNS_Drafts\VetEvidence_AutoPost\.threads_session\Default\shared_proto_db\metadata: IO error: C:\Users\souhe\Desktop\VetEvidence_SNS_Drafts\VetEvidence_AutoPost\.threads_session\Default\shared_proto_db\metadata/LOCK: Access denied. (ChromeMethodBFE: 15::LockFile::5)
[0318/160521.653:ERROR:storage\browser\quota\quota_database.cc:988] Could not open the quota database, resetting.
[0318/160521.718:INFO:CONSOLE:79] "ErrorUtils caught an error:

Minified React error #418; visit https://react.dev/errors/418?args[]=HTML&args[]= for the full message or use the non-minified dev environment for full errors and additional helpful warnings.

Subsequent non-fatal errors won't be logged; see https://fburl.com/debugjs. [object Object]", source: https://static.cdninstagram.com/rsrc.php/v4/yN/r/QPG1-_fWQhl.js (79)
[0318/160521.718:INFO:CONSOLE:379] "Uncaught Error: Minified React error #418; visit https://react.dev/errors/418?args[]=HTML&args[]= for the full message or use the non-minified dev environment for full errors and additional helpful warnings.", source: https://static.cdninstagram.com/rsrc.php/v4iV_d4/yZ/l/ja_JP-j/5oZOFK0l7E3.js (379)
[0318/160521.753:INFO:CONSOLE:256] "
%cSTOP！ font-family:helvetica; font-size:20px; font-size:50px; font-weight:bold; color:red; -webkit-text-stroke:1px black;", source: https://static.cdninstagram.com/rsrc.php/v4/yN/r/QPG1-_fWQhl.js (256)
[0318/160521.753:INFO:CONSOLE:256] "
%cこれは開発者向けのブラウザー機能です。Threads機能を有効にするためまたは誰かのアカウントをハッキングするために、ここに何かをコピー・貼り付けするように言われた場合、それは第三者があなたのThreadsアカウントへのアクセスを得るための詐欺・不正行為です。 font-family:helvetica; font-size:20px; ", source: https://static.cdninstagram.com/rsrc.php/v4/yN/r/QPG1-_fWQhl.js (256)
[0318/160521.754:INFO:CONSOLE:256] "
%c詳しくは https://www.facebook.com/selfxss をご覧ください。 font-family:helvetica; font-size:20px; ", source: https://static.cdninstagram.com/rsrc.php/v4/yN/r/QPG1-_fWQhl.js (256)
[0318/160521.754:INFO:CONSOLE:256] "
%c ", source: https://static.cdninstagram.com/rsrc.php/v4/yN/r/QPG1-_fWQhl.js (256)
[0318/160524.629:ERROR:storage\browser\quota\quota_database.cc:988] Could not open the quota database, resetting.
[0318/160527.558:ERROR:storage\browser\quota\quota_database.cc:993] Failed to reset the quota database.
[0318/160527.559:ERROR:storage\browser\quota\quota_database.cc:993] Failed to reset the quota database.
